
> @website/nikolahristov_tech@0.0.1 prepublishOnly D:\Developer\Application\NikolaRHristov\Website
> astro build

02:10:39 [build] output: "static"
02:10:39 [build] directory: D:\Developer\Application\NikolaRHristov\Website\Target\
02:10:39 [build] Collecting build info...
02:10:39 [build] ✓ Completed in 441ms.
02:10:39 [build] Building static entrypoints...
02:10:44 [vite] [32m✓ built in 4.56s[39m
02:10:44 [build] ✓ Completed in 4.63s.

 building client (vite) 
02:10:44 [vite] transforming...
02:10:44 [vite] [32m✓[39m 40 modules transformed.
02:10:45 [vite] rendering chunks...
[plugin astro:prefetch] Sourcemap is likely to be incorrect: a plugin (astro:prefetch) was used to transform files, but didn't generate a sourcemap for the transformation. Consult the plugin documentation for help
[plugin astro:transitions] Sourcemap is likely to be incorrect: a plugin (astro:transitions) was used to transform files, but didn't generate a sourcemap for the transformation. Consult the plugin documentation for help
02:10:45 [vite] computing gzip size...
02:10:45 [vite] [2mTarget/[22m[36m_astro/Base.astro_astro_type_script_index_0_lang.BqRlCTDA.js             [39m[1m[2m 0.48 kB[22m[1m[22m[2m │ gzip: 0.38 kB[22m[2m │ map:   0.74 kB[22m
02:10:45 [vite] [2mTarget/[22m[36m_astro/index.modern.aa8fLSdp.js                                          [39m[1m[2m 0.92 kB[22m[1m[22m[2m │ gzip: 0.51 kB[22m[2m │ map:   2.02 kB[22m
02:10:45 [vite] [2mTarget/[22m[36m_astro/preload-helper.ygWHROA3.js                                        [39m[1m[2m 1.06 kB[22m[1m[22m[2m │ gzip: 0.65 kB[22m[2m │ map:   0.11 kB[22m
02:10:45 [vite] [2mTarget/[22m[36m_astro/Base.astro_astro_type_script_index_1_lang.9iawse7h.js             [39m[1m[2m 1.09 kB[22m[1m[22m[2m │ gzip: 0.43 kB[22m[2m │ map:   1.02 kB[22m
02:10:45 [vite] [2mTarget/[22m[36m_astro/index.modern.CkIAsQri.js                                          [39m[1m[2m 1.81 kB[22m[1m[22m[2m │ gzip: 0.95 kB[22m[2m │ map:   4.52 kB[22m
02:10:45 [vite] [2mTarget/[22m[36m_astro/page.CY1iZwUD.js                                                  [39m[1m[2m 2.11 kB[22m[1m[22m[2m │ gzip: 1.07 kB[22m[2m │ map:   7.97 kB[22m
02:10:45 [vite] [2mTarget/[22m[36m_astro/index.modern.FjGODCox.js                                          [39m[1m[2m 2.37 kB[22m[1m[22m[2m │ gzip: 1.20 kB[22m[2m │ map:   5.53 kB[22m
02:10:45 [vite] [2mTarget/[22m[36m_astro/index.modern.Dp50zjzP.js                                          [39m[1m[2m 6.08 kB[22m[1m[22m[2m │ gzip: 2.40 kB[22m[2m │ map:  13.14 kB[22m
02:10:45 [vite] [2mTarget/[22m[36m_astro/index.modern.B7ehEGeJ.js                                          [39m[1m[2m 6.09 kB[22m[1m[22m[2m │ gzip: 1.57 kB[22m[2m │ map:   8.70 kB[22m
02:10:45 [vite] [2mTarget/[22m[36m_astro/index.modern.CZr5Eu0Z.js                                          [39m[1m[2m 8.06 kB[22m[1m[22m[2m │ gzip: 2.44 kB[22m[2m │ map:  15.28 kB[22m
02:10:45 [vite] [2mTarget/[22m[36m_astro/ViewTransitions.astro_astro_type_script_index_0_lang.DnFK6dK7.js  [39m[1m[2m13.11 kB[22m[1m[22m[2m │ gzip: 4.62 kB[22m[2m │ map:  35.05 kB[22m
02:10:45 [vite] [2mTarget/[22m[36m_astro/Swup.modern.DSkug2J8.js                                           [39m[1m[2m26.00 kB[22m[1m[22m[2m │ gzip: 9.04 kB[22m[2m │ map:  72.99 kB[22m
02:10:45 [vite] [2mTarget/[22m[36m_astro/index.esm.CDbocLk8.js                                             [39m[1m[2m39.52 kB[22m[1m[22m[2m │ gzip: 9.33 kB[22m[2m │ map: 196.80 kB[22m
02:10:45 [vite] [32m✓ built in 903ms[39m

 generating static routes 
02:10:45 ▶ Source/pages/404.astro
02:10:45   └─ /404.html (+138ms)
02:10:45 ▶ Source/pages/Raw/Readme/CodeEditorLand/Foundation/index.astro
02:10:45   └─ /Raw/Readme/CodeEditorLand/Foundation/index.htmlSuccessfully GET /repos/CodeEditorLand/Foundation
Successfully GET /repos/CodeEditorLand/FoundationTauri
Successfully GET /repos/CodeEditorLand/FoundationOXC
Successfully GET /repos/CodeEditorLand/FoundationBiome
Successfully GET /repos/CodeEditorLand/Editor
Successfully GET /repos/CodeEditorLand/FoundationTauriCargo
Successfully GET /repos/CodeEditorLand/FoundationOXCCargo
Successfully GET /repos/CodeEditorLand/FoundationBiomeCargo
Successfully GET /repos/CodeEditorLand/FoundationOXCNPM
Successfully GET /repos/CodeEditorLand/FoundationBiomeNPM
Successfully GET /repos/CodeEditorLand/FoundationTauriNPM
Successfully GET /repos/CodeEditorLand/FoundationLandCargo
Successfully GET /repos/CodeEditorLand/FoundationBiomeService
Successfully GET /repos/CodeEditorLand/FoundationOXCService
Successfully GET /repos/CodeEditorLand/FoundationTauriService
Successfully GET /repos/CodeEditorLand/FoundationLandNPM
Successfully GET /repos/CodeEditorLand/FoundationLandService
 (+1.58s)
02:10:47 ▶ Source/pages/Raw/Readme/CodeEditorLand/FoundationBiome/index.astro
02:10:47   └─ /Raw/Readme/CodeEditorLand/FoundationBiome/index.html (+4ms)
02:10:47 ▶ Source/pages/Raw/Readme/CodeEditorLand/FoundationBiomeCargo/index.astro
02:10:47   └─ /Raw/Readme/CodeEditorLand/FoundationBiomeCargo/index.html (+3ms)
02:10:47 ▶ Source/pages/Raw/Readme/CodeEditorLand/FoundationBiomeNPM/index.astro
02:10:47   └─ /Raw/Readme/CodeEditorLand/FoundationBiomeNPM/index.html (+3ms)
02:10:47 ▶ Source/pages/Raw/Readme/CodeEditorLand/FoundationLand/index.astro
02:10:47   └─ /Raw/Readme/CodeEditorLand/FoundationLand/index.htmlSuccessfully GET /repos/CodeEditorLand/FoundationLandCargoDocument
Successfully GET /repos/CodeEditorLand/FoundationLandNPMCommon
Successfully GET /repos/CodeEditorLand/FoundationLandCargoMaintain
Successfully GET /repos/CodeEditorLand/FoundationLandNPMIngress
Successfully GET /repos/CodeEditorLand/FoundationLandCargoRuntime
 (+804ms)
02:10:47 ▶ Source/pages/Raw/Readme/CodeEditorLand/FoundationLandCargo/index.astro
02:10:47   └─ /Raw/Readme/CodeEditorLand/FoundationLandCargo/index.htmlSuccessfully GET /repos/CodeEditorLand/FoundationLandCargoDocument
Successfully GET /repos/CodeEditorLand/FoundationLandCargoMaintain
Successfully GET /repos/CodeEditorLand/FoundationLandCargoRuntime
 (+839ms)
02:10:48 ▶ Source/pages/Raw/Readme/CodeEditorLand/FoundationLandNPM/index.astro
02:10:48   └─ /Raw/Readme/CodeEditorLand/FoundationLandNPM/index.htmlSuccessfully GET /repos/CodeEditorLand/FoundationLandNPMCommon
Successfully GET /repos/CodeEditorLand/FoundationLandNPMIngress
 (+512ms)
02:10:49 ▶ Source/pages/Raw/Readme/CodeEditorLand/FoundationOXC/index.astro
02:10:49   └─ /Raw/Readme/CodeEditorLand/FoundationOXC/index.htmlSuccessfully GET /repos/CodeEditorLand/FoundationLandCargoDocument
Successfully GET /repos/CodeEditorLand/FoundationLandNPMCommon
Successfully GET /repos/CodeEditorLand/FoundationLandCargoMaintain
Successfully GET /repos/CodeEditorLand/FoundationLandNPMIngress
Successfully GET /repos/CodeEditorLand/FoundationLandCargoRuntime
 (+849ms)
02:10:50 ▶ Source/pages/Raw/Readme/CodeEditorLand/FoundationOXCCargo/index.astro
02:10:50   └─ /Raw/Readme/CodeEditorLand/FoundationOXCCargo/index.html (+7ms)
02:10:50 ▶ Source/pages/Raw/Readme/CodeEditorLand/FoundationOXCNPM/index.astro
02:10:50   └─ /Raw/Readme/CodeEditorLand/FoundationOXCNPM/index.html (+3ms)
02:10:50 ▶ Source/pages/Raw/Readme/CodeEditorLand/FoundationTauri/index.astro
02:10:50   └─ /Raw/Readme/CodeEditorLand/FoundationTauri/index.html (+4ms)
02:10:50 ▶ Source/pages/Raw/Readme/CodeEditorLand/FoundationTauriCargo/index.astro
02:10:50   └─ /Raw/Readme/CodeEditorLand/FoundationTauriCargo/index.html (+3ms)
02:10:50 ▶ Source/pages/Raw/Readme/CodeEditorLand/FoundationTauriNPM/index.astro
02:10:50   └─ /Raw/Readme/CodeEditorLand/FoundationTauriNPM/index.html (+3ms)
02:10:50 ▶ Source/pages/Raw/Readme/NikolaRHristov/NikolaRHristov/index.astro
02:10:50   └─ /Raw/Readme/NikolaRHristov/NikolaRHristov/index.htmlSuccessfully GET /repos/CodeEditorLand/Foundation
Successfully GET /repos/NikolaRHristov/Dotfile
Successfully GET /repos/CodeEditorLand/Editor
Successfully GET /repos/NikolaRHristov/NVIM
Successfully GET /repos/CodeEditorLand/FoundationLandCargo
Successfully GET /repos/NikolaRHristov/Bash
Successfully GET /repos/CodeEditorLand/FoundationLandNPM
Successfully GET /repos/NikolaRHristov/Powershell
Successfully GET /repos/CodeEditorLand/FoundationLandService
Successfully GET /repos/NikolaRHristov/ZSH
Successfully GET /repos/Playform/Starter
Successfully GET /repos/RoundWindows/Application
 (+3.95s)
02:10:54 ▶ Source/pages/Raw/Readme/Playform/Compress/index.astro
02:10:54   └─ /Raw/Readme/Playform/Compress/index.html (+135ms)
02:10:54 ▶ Source/pages/Raw/Readme/Playform/Format/index.astro
02:10:54   └─ /Raw/Readme/Playform/Format/index.html (+104ms)
02:10:54 ▶ Source/pages/Raw/Readme/Playform/Inline/index.astro
02:10:54   └─ /Raw/Readme/Playform/Inline/index.html (+100ms)
02:10:54 ▶ Source/pages/Raw/Readme/RoundWindows/index.astro
02:10:54   └─ /Raw/Readme/RoundWindows/index.htmlSuccessfully GET /repos/RoundWindows/Application
Successfully GET /repos/RoundWindows/Website
 (+890ms)
02:10:55 ▶ Source/pages/index.astro
02:10:55   └─ /index.html (+3ms)
02:10:55 ✓ Completed in 10.10s.

02:10:55 [@astrojs/sitemap] `sitemap-index.xml` created at `Target`
Successfully inlined a total of 2 HTML files.
Successfully formatted a total of 13 JavaScript and TypeScript files.

 Compress 
✓ Successfully compressed a total of 2 CSS files for 67 Bytes.
✓ Successfully compressed a total of 20 HTML files for 3.9 KB.
✓ Successfully compressed a total of 2 Image files for 348.01 KB.
✓ Successfully compressed a total of 11 JavaScript files for 42.28 KB.
02:10:59 [build] Waiting for integration "@playform/compress", hook "astro:build:done"...
✓ Successfully compressed a total of 40 SVG files for 16.06 KB.
02:10:59 [build] 20 page(s) built in 20.42s
02:10:59 [build] Complete!
